<?xml version="1.0" encoding="UTF-8"?>
<!-- Generated by org.testng.reporters.JUnitReportReporter -->
<testsuite hostname="EPINPUNW069E" failures="0" tests="3" name="unittests.TC2_ErrorForInvalidEmailOnSignUp" time="20.167" errors="0" timestamp="2024-06-06T18:46:28 IST" skipped="0">
  <testcase classname="unittests.TC2_ErrorForInvalidEmailOnSignUp" name="validateErrorForInvalidEmailSignUp" time="7.522"/>
  <testcase classname="unittests.TC2_ErrorForInvalidEmailOnSignUp" name="validateErrorForInvalidEmailSignUp" time="6.544"/>
  <testcase classname="unittests.TC2_ErrorForInvalidEmailOnSignUp" name="validateErrorForInvalidEmailSignUp" time="6.101"/>
</testsuite> <!-- unittests.TC2_ErrorForInvalidEmailOnSignUp -->
