<?xml version="1.0" encoding="UTF-8"?>
<!-- Generated by org.testng.reporters.JUnitReportReporter -->
<testsuite hostname="EPINPUNW069E" failures="0" tests="1" name="unittests.TC1_FreeCrmLoginUrl" time="12.596" errors="0" timestamp="2024-06-06T18:46:28 IST" skipped="0">
  <testcase classname="unittests.TC1_FreeCrmLoginUrl" name="validateFreeCrmLoginUrl" time="12.596"/>
</testsuite> <!-- unittests.TC1_FreeCrmLoginUrl -->
