<?xml version="1.0" encoding="UTF-8"?>
<!-- Generated by org.testng.reporters.JUnitReportReporter -->
<testsuite hostname="EPINPUNW069E" failures="0" tests="3" name="unittests.TC2_ErrorForInvalidEmailOnSignUp" time="18.177" errors="0" timestamp="2024-06-07T02:29:16 IST" skipped="0">
  <testcase classname="unittests.TC2_ErrorForInvalidEmailOnSignUp" name="validateErrorForInvalidEmailSignUp" time="5.132"/>
  <testcase classname="unittests.TC2_ErrorForInvalidEmailOnSignUp" name="validateErrorForInvalidEmailSignUp" time="5.439"/>
  <testcase classname="unittests.TC2_ErrorForInvalidEmailOnSignUp" name="validateErrorForInvalidEmailSignUp" time="7.606"/>
</testsuite> <!-- unittests.TC2_ErrorForInvalidEmailOnSignUp -->
